<?xml version="1.0" encoding="UTF-8"?>
<testng-results ignored="0" total="1" passed="1" failed="0" skipped="0">
  <reporter-output>
  </reporter-output>
  <suite started-at="2024-06-22T17:32:52 IST" name="Default suite" finished-at="2024-06-22T17:32:52 IST" duration-ms="87">
    <groups>
    </groups>
    <test started-at="2024-06-22T17:32:52 IST" name="Default test" finished-at="2024-06-22T17:32:52 IST" duration-ms="87">
      <class name="SerializationJavaObjectToJSON.ITextContextTest">
        <test-method signature="testMethod(org.testng.ITestContext)[pri:0, instance:SerializationJavaObjectToJSON.ITextContextTest@537f60bf]" started-at="2024-06-22T17:32:52 IST" name="testMethod" finished-at="2024-06-22T17:32:52 IST" duration-ms="13" status="PASS">
          <params>
            <param index="0">
              <value>
                <![CDATA[org.testng.TestRunner@5c86dbc5]]>
              </value>
            </param>
          </params>
          <reporter-output>
          </reporter-output>
        </test-method> <!-- testMethod -->
      </class> <!-- SerializationJavaObjectToJSON.ITextContextTest -->
    </test> <!-- Default test -->
  </suite> <!-- Default suite -->
</testng-results>
